<passwordmanager><accounts><account><id>0</id><name>Test Account</name><url>http://www.example.com</url><username>myusername1</username><password>awesome password</password><description>this is a test account</description><usernamefield>nothing</usernamefield><passwordfield>here</passwordfield></account><account><id>1</id><name>Second test account</name><url></url><username>username</username><password>not so great password</password><description>dummy data</description><usernamefield></usernamefield><passwordfield></passwordfield></account></accounts></passwordmanager>
